  [1m[35m (1.9ms)[0m  [1m[35mCREATE TABLE "schema_migrations" ("version" varchar NOT NULL PRIMARY KEY)[0m
  [1m[35m (1.8ms)[0m  [1m[35mCREATE TABLE "ar_internal_metadata" ("key" varchar NOT NULL PRIMARY KEY, "value" varchar, "created_at" datetime NOT NULL, "updated_at" datetime NOT NULL)[0m
  [1m[36mActiveRecord::SchemaMigration Load (0.1ms)[0m  [1m[34mSELECT "schema_migrations".* FROM "schema_migrations"[0m
Migrating to CreateProducts (20171223082158)
  [1m[35m (0.0ms)[0m  [1m[36mbegin transaction[0m
  [1m[35m (0.5ms)[0m  [1m[35mCREATE TABLE "products" ("id" INTEGER PRIMARY KEY AUTOINCREMENT NOT NULL, "title" varchar, "description" text, "image_url" varchar, "price" decimal(8,2), "created_at" datetime NOT NULL, "updated_at" datetime NOT NULL)[0m
  [1m[35mSQL (0.2ms)[0m  [1m[32mINSERT INTO "schema_migrations" ("version") VALUES (?)[0m  [["version", "20171223082158"]]
  [1m[35m (1.1ms)[0m  [1m[36mcommit transaction[0m
  [1m[36mActiveRecord::InternalMetadata Load (0.2ms)[0m  [1m[34mSELECT  "ar_internal_metadata".* FROM "ar_internal_metadata" WHERE "ar_internal_metadata"."key" = ? LIMIT ?[0m  [["key", "environment"], ["LIMIT", 1]]
  [1m[35m (0.0ms)[0m  [1m[36mbegin transaction[0m
  [1m[35mSQL (0.3ms)[0m  [1m[32mINSERT INTO "ar_internal_metadata" ("key", "value", "created_at", "updated_at") VALUES (?, ?, ?, ?)[0m  [["key", "environment"], ["value", "development"], ["created_at", "2017-12-23 08:24:39.166985"], ["updated_at", "2017-12-23 08:24:39.166985"]]
  [1m[35m (1.4ms)[0m  [1m[36mcommit transaction[0m
  [1m[36mActiveRecord::SchemaMigration Load (0.1ms)[0m  [1m[34mSELECT "schema_migrations".* FROM "schema_migrations"[0m
Started GET "/say/hello" for 127.0.0.1 at 2017-12-23 00:25:59 -0800
  [1m[36mActiveRecord::SchemaMigration Load (0.2ms)[0m  [1m[34mSELECT "schema_migrations".* FROM "schema_migrations"[0m
  
ActionController::RoutingError (No route matches [GET] "/say/hello"):
  
actionpack (5.0.6) lib/action_dispatch/middleware/debug_exceptions.rb:53:in `call'
web-console (3.5.1) lib/web_console/middleware.rb:135:in `call_app'
web-console (3.5.1) lib/web_console/middleware.rb:28:in `block in call'
web-console (3.5.1) lib/web_console/middleware.rb:18:in `catch'
web-console (3.5.1) lib/web_console/middleware.rb:18:in `call'
actionpack (5.0.6) lib/action_dispatch/middleware/show_exceptions.rb:31:in `call'
railties (5.0.6) lib/rails/rack/logger.rb:36:in `call_app'
railties (5.0.6) lib/rails/rack/logger.rb:24:in `block in call'
activesupport (5.0.6) lib/active_support/tagged_logging.rb:69:in `block in tagged'
activesupport (5.0.6) lib/active_support/tagged_logging.rb:26:in `tagged'
activesupport (5.0.6) lib/active_support/tagged_logging.rb:69:in `tagged'
railties (5.0.6) lib/rails/rack/logger.rb:24:in `call'
sprockets-rails (3.2.1) lib/sprockets/rails/quiet_assets.rb:13:in `call'
actionpack (5.0.6) lib/action_dispatch/middleware/request_id.rb:24:in `call'
rack (2.0.3) lib/rack/method_override.rb:22:in `call'
rack (2.0.3) lib/rack/runtime.rb:22:in `call'
activesupport (5.0.6) lib/active_support/cache/strategy/local_cache_middleware.rb:28:in `call'
actionpack (5.0.6) lib/action_dispatch/middleware/executor.rb:12:in `call'
actionpack (5.0.6) lib/action_dispatch/middleware/static.rb:136:in `call'
rack (2.0.3) lib/rack/sendfile.rb:111:in `call'
railties (5.0.6) lib/rails/engine.rb:522:in `call'
puma (3.11.0) lib/puma/configuration.rb:225:in `call'
puma (3.11.0) lib/puma/server.rb:624:in `handle_request'
puma (3.11.0) lib/puma/server.rb:438:in `process_client'
puma (3.11.0) lib/puma/server.rb:302:in `block in run'
puma (3.11.0) lib/puma/thread_pool.rb:120:in `block in spawn_thread'
  Rendering /usr/local/lib/ruby/gems/2.4.0/gems/actionpack-5.0.6/lib/action_dispatch/middleware/templates/rescues/routing_error.html.erb within rescues/layout
  Rendering /usr/local/lib/ruby/gems/2.4.0/gems/actionpack-5.0.6/lib/action_dispatch/middleware/templates/rescues/_trace.html.erb
  Rendered /usr/local/lib/ruby/gems/2.4.0/gems/actionpack-5.0.6/lib/action_dispatch/middleware/templates/rescues/_trace.html.erb (1.1ms)
  Rendered collection of /usr/local/lib/ruby/gems/2.4.0/gems/actionpack-5.0.6/lib/action_dispatch/middleware/templates/routes/_route.html.erb [8 times] (14.5ms)
  Rendered /usr/local/lib/ruby/gems/2.4.0/gems/actionpack-5.0.6/lib/action_dispatch/middleware/templates/routes/_table.html.erb (13.6ms)
  Rendering /usr/local/lib/ruby/gems/2.4.0/gems/actionpack-5.0.6/lib/action_dispatch/middleware/templates/rescues/_request_and_response.html.erb
  Rendered /usr/local/lib/ruby/gems/2.4.0/gems/actionpack-5.0.6/lib/action_dispatch/middleware/templates/rescues/_request_and_response.html.erb (10.1ms)
  Rendered /usr/local/lib/ruby/gems/2.4.0/gems/actionpack-5.0.6/lib/action_dispatch/middleware/templates/rescues/routing_error.html.erb within rescues/layout (185.2ms)
Started GET "/" for 127.0.0.1 at 2017-12-23 00:26:04 -0800
Processing by Rails::WelcomeController#index as HTML
  Parameters: {"internal"=>true}
  Rendering /usr/local/lib/ruby/gems/2.4.0/gems/railties-5.0.6/lib/rails/templates/rails/welcome/index.html.erb
  Rendered /usr/local/lib/ruby/gems/2.4.0/gems/railties-5.0.6/lib/rails/templates/rails/welcome/index.html.erb (2.8ms)
Completed 200 OK in 12ms (Views: 7.2ms | ActiveRecord: 0.0ms)


Started GET "/products" for 127.0.0.1 at 2017-12-23 00:26:15 -0800
Processing by ProductsController#index as HTML
  Rendering products/index.html.erb within layouts/application
  [1m[36mProduct Load (0.2ms)[0m  [1m[34mSELECT "products".* FROM "products"[0m
  Rendered products/index.html.erb within layouts/application (2.5ms)
Completed 200 OK in 1048ms (Views: 1042.0ms | ActiveRecord: 0.4ms)


Started GET "/products/new" for 127.0.0.1 at 2017-12-23 00:26:32 -0800
Processing by ProductsController#new as HTML
  Rendering products/new.html.erb within layouts/application
  Rendered products/_form.html.erb (51.9ms)
  Rendered products/new.html.erb within layouts/application (58.5ms)
Completed 200 OK in 121ms (Views: 100.9ms | ActiveRecord: 0.7ms)


Started GET "/products/new" for 127.0.0.1 at 2017-12-23 00:28:17 -0800
Processing by ProductsController#new as HTML
  Rendering products/new.html.erb within layouts/application
  Rendered products/_form.html.erb (2.7ms)
  Rendered products/new.html.erb within layouts/application (6.4ms)
Completed 200 OK in 40ms (Views: 36.2ms | ActiveRecord: 0.0ms)


Started GET "/products" for 127.0.0.1 at 2017-12-23 00:28:55 -0800
Processing by ProductsController#index as HTML
  Rendering products/index.html.erb within layouts/application
  [1m[36mProduct Load (0.3ms)[0m  [1m[34mSELECT "products".* FROM "products"[0m
  Rendered products/index.html.erb within layouts/application (2.0ms)
Completed 200 OK in 59ms (Views: 54.3ms | ActiveRecord: 0.3ms)


Started GET "/products/new" for 127.0.0.1 at 2017-12-23 00:28:57 -0800
Processing by ProductsController#new as HTML
  Rendering products/new.html.erb within layouts/application
  Rendered products/_form.html.erb (6.7ms)
  Rendered products/new.html.erb within layouts/application (16.0ms)
Completed 200 OK in 88ms (Views: 80.9ms | ActiveRecord: 0.0ms)


Started GET "/products" for 127.0.0.1 at 2017-12-23 00:40:45 -0800
  [1m[36mActiveRecord::SchemaMigration Load (0.7ms)[0m  [1m[34mSELECT "schema_migrations".* FROM "schema_migrations"[0m
Processing by ProductsController#index as HTML
  Rendering products/index.html.erb within layouts/application
  [1m[36mProduct Load (0.5ms)[0m  [1m[34mSELECT "products".* FROM "products"[0m
  Rendered products/index.html.erb within layouts/application (10.6ms)
Completed 200 OK in 360ms (Views: 338.5ms | ActiveRecord: 3.0ms)


Started GET "/products/new" for 127.0.0.1 at 2017-12-23 00:40:48 -0800
Processing by ProductsController#new as HTML
  Rendering products/new.html.erb within layouts/application
  Rendered products/_form.html.erb (32.5ms)
  Rendered products/new.html.erb within layouts/application (42.6ms)
Completed 200 OK in 106ms (Views: 88.4ms | ActiveRecord: 0.5ms)


Started GET "/products" for 127.0.0.1 at 2017-12-23 00:40:49 -0800
Processing by ProductsController#index as HTML
  Rendering products/index.html.erb within layouts/application
  [1m[36mProduct Load (0.4ms)[0m  [1m[34mSELECT "products".* FROM "products"[0m
  Rendered products/index.html.erb within layouts/application (4.3ms)
Completed 200 OK in 95ms (Views: 90.5ms | ActiveRecord: 0.4ms)


Started GET "/products" for 127.0.0.1 at 2017-12-23 10:09:52 -0800
  [1m[36mActiveRecord::SchemaMigration Load (0.7ms)[0m  [1m[34mSELECT "schema_migrations".* FROM "schema_migrations"[0m
Processing by ProductsController#index as HTML
  Rendering products/index.html.erb within layouts/application
  [1m[36mProduct Load (0.5ms)[0m  [1m[34mSELECT "products".* FROM "products"[0m
  Rendered products/index.html.erb within layouts/application (8.5ms)
Completed 200 OK in 556ms (Views: 538.3ms | ActiveRecord: 0.9ms)


Started GET "/products" for 127.0.0.1 at 2017-12-23 10:09:55 -0800
Processing by ProductsController#index as HTML
  Rendering products/index.html.erb within layouts/application
  [1m[36mProduct Load (0.3ms)[0m  [1m[34mSELECT "products".* FROM "products"[0m
  Rendered products/index.html.erb within layouts/application (1.8ms)
Completed 200 OK in 34ms (Views: 29.4ms | ActiveRecord: 0.3ms)


  [1m[36mActiveRecord::SchemaMigration Load (0.6ms)[0m  [1m[34mSELECT "schema_migrations".* FROM "schema_migrations"[0m
  [1m[35mSQL (1.4ms)[0m  [1m[31mDELETE FROM "products"[0m
  [1m[35m (0.1ms)[0m  [1m[36mbegin transaction[0m
  [1m[35mSQL (1.1ms)[0m  [1m[32mINSERT INTO "products" ("title", "description", "image_url", "price", "created_at", "updated_at") VALUES (?, ?, ?, ?, ?, ?)[0m  [["title", "Rails, Angular, Postgres, and Bootstrap"], ["description", "<p>\n      <em>Powerful, Effective, and Efficient Full-Stack Web Development</em>\n      As a Rails developer, you care about user experience and performance,\n      but you also want simple and maintainable code. Achieve all that by\n      embracing the full stack of web development, from styling with\n      Bootstrap, building an interactive user interface with AngularJS, to\n      storing data quickly and reliably in PostgreSQL. Take a holistic view of\n      full-stack development to create usable, high-performing applications,\n      and learn to use these technologies effectively in a Ruby on Rails\n      environment.\n      </p>"], ["image_url", "dcbang.jpg"], ["price", 45.0], ["created_at", "2017-12-23 18:10:23.446329"], ["updated_at", "2017-12-23 18:10:23.446329"]]
  [1m[35m (1.0ms)[0m  [1m[36mcommit transaction[0m
  [1m[35m (0.1ms)[0m  [1m[36mbegin transaction[0m
  [1m[35mSQL (0.4ms)[0m  [1m[32mINSERT INTO "products" ("title", "description", "image_url", "price", "created_at", "updated_at") VALUES (?, ?, ?, ?, ?, ?)[0m  [["title", "Seven Mobile Apps in Seven Weeks"], ["description", "<p>\n      <em>Native Apps, Multiple Platforms</em>\n      Answer the question “Can we build this for ALL the devices?” with a\n      resounding YES. This book will help you get there with a real-world\n      introduction to seven platforms, whether you’re new to mobile or an\n      experienced developer needing to expand your options. Plus, you’ll find\n      out which cross-platform solution makes the most sense for your needs.\n      </p>"], ["image_url", "7apps.jpg"], ["price", 26.0], ["created_at", "2017-12-23 18:10:23.451729"], ["updated_at", "2017-12-23 18:10:23.451729"]]
  [1m[35m (1.0ms)[0m  [1m[36mcommit transaction[0m
  [1m[35m (0.0ms)[0m  [1m[36mbegin transaction[0m
  [1m[35mSQL (0.3ms)[0m  [1m[32mINSERT INTO "products" ("title", "description", "image_url", "price", "created_at", "updated_at") VALUES (?, ?, ?, ?, ?, ?)[0m  [["title", "Ruby Performance Optimization"], ["description", "<p>\n      <em>Why Ruby Is Slow, and How to Fix It</em> \n      You don’t have to accept slow Ruby or Rails performance. In this\n      comprehensive guide to Ruby optimization, you’ll learn how to write\n      faster Ruby code—but that’s just the beginning. See exactly what makes\n      Ruby and Rails code slow, and how to fix it. Alex Dymo will guide you\n      through perils of memory and CPU optimization, profiling, measuring,\n      performance testing, garbage collection, and tuning. You’ll find that\n      all those “hard” things aren’t so difficult after all, and your code\n      will run orders of magnitude faster.\n      </p>"], ["image_url", "adrpo.jpg"], ["price", 46.0], ["created_at", "2017-12-23 18:10:23.454969"], ["updated_at", "2017-12-23 18:10:23.454969"]]
  [1m[35m (0.8ms)[0m  [1m[36mcommit transaction[0m
Started GET "/products" for 127.0.0.1 at 2017-12-23 10:10:29 -0800
  [1m[36mActiveRecord::SchemaMigration Load (0.2ms)[0m  [1m[34mSELECT "schema_migrations".* FROM "schema_migrations"[0m
Processing by ProductsController#index as HTML
  Rendering products/index.html.erb within layouts/application
  [1m[36mProduct Load (0.2ms)[0m  [1m[34mSELECT "products".* FROM "products"[0m
  Rendered products/index.html.erb within layouts/application (270.4ms)
Completed 200 OK in 356ms (Views: 335.5ms | ActiveRecord: 1.0ms)


Started GET "/products/1" for 127.0.0.1 at 2017-12-23 20:34:57 -0800
Processing by ProductsController#show as HTML
  Parameters: {"id"=>"1"}
  [1m[36mProduct Load (4.6ms)[0m  [1m[34mSELECT  "products".* FROM "products" WHERE "products"."id" = ? LIMIT ?[0m  [["id", 1], ["LIMIT", 1]]
  Rendering products/show.html.erb within layouts/application
  Rendered products/show.html.erb within layouts/application (8.8ms)
Completed 200 OK in 218ms (Views: 159.5ms | ActiveRecord: 4.6ms)


Started GET "/products" for 127.0.0.1 at 2017-12-23 20:35:11 -0800
Processing by ProductsController#index as HTML
  Rendering products/index.html.erb within layouts/application
  [1m[36mProduct Load (0.4ms)[0m  [1m[34mSELECT "products".* FROM "products"[0m
  Rendered products/index.html.erb within layouts/application (61.5ms)
Completed 200 OK in 148ms (Views: 137.1ms | ActiveRecord: 0.4ms)


Started GET "/products/2/edit" for 127.0.0.1 at 2017-12-23 20:35:13 -0800
Processing by ProductsController#edit as HTML
  Parameters: {"id"=>"2"}
  [1m[36mProduct Load (0.2ms)[0m  [1m[34mSELECT  "products".* FROM "products" WHERE "products"."id" = ? LIMIT ?[0m  [["id", 2], ["LIMIT", 1]]
  Rendering products/edit.html.erb within layouts/application
  Rendered products/_form.html.erb (62.0ms)
  Rendered products/edit.html.erb within layouts/application (75.5ms)
Completed 200 OK in 125ms (Views: 111.1ms | ActiveRecord: 0.2ms)


Started GET "/products" for 127.0.0.1 at 2017-12-23 20:35:16 -0800
Processing by ProductsController#index as HTML
  Rendering products/index.html.erb within layouts/application
  [1m[36mProduct Load (0.5ms)[0m  [1m[34mSELECT "products".* FROM "products"[0m
  Rendered products/index.html.erb within layouts/application (20.7ms)
Completed 200 OK in 90ms (Views: 82.4ms | ActiveRecord: 0.5ms)


Started GET "/products" for 127.0.0.1 at 2017-12-23 23:18:19 -0800
  [1m[36mActiveRecord::SchemaMigration Load (1.1ms)[0m  [1m[34mSELECT "schema_migrations".* FROM "schema_migrations"[0m
Processing by ProductsController#index as HTML
  Rendering products/index.html.erb within layouts/application
  [1m[36mProduct Load (0.5ms)[0m  [1m[34mSELECT "products".* FROM "products"[0m
  Rendered products/index.html.erb within layouts/application (255.6ms)
Completed 200 OK in 373ms (Views: 352.5ms | ActiveRecord: 1.0ms)


Started GET "/products/1" for 127.0.0.1 at 2017-12-23 23:18:22 -0800
Processing by ProductsController#show as HTML
  Parameters: {"id"=>"1"}
  [1m[36mProduct Load (0.5ms)[0m  [1m[34mSELECT  "products".* FROM "products" WHERE "products"."id" = ? LIMIT ?[0m  [["id", 1], ["LIMIT", 1]]
  Rendering products/show.html.erb within layouts/application
  Rendered products/show.html.erb within layouts/application (1.4ms)
Completed 200 OK in 64ms (Views: 50.4ms | ActiveRecord: 0.5ms)


Started GET "/products" for 127.0.0.1 at 2017-12-23 23:18:24 -0800
Processing by ProductsController#index as HTML
  Rendering products/index.html.erb within layouts/application
  [1m[36mProduct Load (0.6ms)[0m  [1m[34mSELECT "products".* FROM "products"[0m
  Rendered products/index.html.erb within layouts/application (21.3ms)
Completed 200 OK in 142ms (Views: 135.2ms | ActiveRecord: 0.6ms)


Started GET "/store/index" for 127.0.0.1 at 2017-12-24 00:23:00 -0800
  [1m[36mActiveRecord::SchemaMigration Load (0.9ms)[0m  [1m[34mSELECT "schema_migrations".* FROM "schema_migrations"[0m
Processing by StoreController#index as HTML
  Rendering store/index.html.erb within layouts/application
  Rendered store/index.html.erb within layouts/application (1.6ms)
Completed 200 OK in 495ms (Views: 476.4ms | ActiveRecord: 0.0ms)


Started GET "/" for 127.0.0.1 at 2017-12-24 00:24:41 -0800
Processing by StoreController#index as HTML
  Rendering store/index.html.erb within layouts/application
  Rendered store/index.html.erb within layouts/application (0.5ms)
Completed 200 OK in 44ms (Views: 38.3ms | ActiveRecord: 0.0ms)


Started GET "/" for 127.0.0.1 at 2017-12-24 00:27:33 -0800
Processing by StoreController#index as HTML
Completed 500 Internal Server Error in 5ms (ActiveRecord: 0.0ms)


  
ArgumentError (Range unspecified. Specify the :in, :within, :maximum, :minimum, or :is option.):
  
app/models/product.rb:7:in `<class:Product>'
app/models/product.rb:1:in `<top (required)>'
app/controllers/store_controller.rb:3:in `index'
  Rendering /usr/local/lib/ruby/gems/2.4.0/gems/actionpack-5.0.6/lib/action_dispatch/middleware/templates/rescues/diagnostics.html.erb within rescues/layout
  Rendering /usr/local/lib/ruby/gems/2.4.0/gems/actionpack-5.0.6/lib/action_dispatch/middleware/templates/rescues/_source.html.erb
  Rendered /usr/local/lib/ruby/gems/2.4.0/gems/actionpack-5.0.6/lib/action_dispatch/middleware/templates/rescues/_source.html.erb (4.4ms)
  Rendering /usr/local/lib/ruby/gems/2.4.0/gems/actionpack-5.0.6/lib/action_dispatch/middleware/templates/rescues/_trace.html.erb
  Rendered /usr/local/lib/ruby/gems/2.4.0/gems/actionpack-5.0.6/lib/action_dispatch/middleware/templates/rescues/_trace.html.erb (1.7ms)
  Rendering /usr/local/lib/ruby/gems/2.4.0/gems/actionpack-5.0.6/lib/action_dispatch/middleware/templates/rescues/_request_and_response.html.erb
  Rendered /usr/local/lib/ruby/gems/2.4.0/gems/actionpack-5.0.6/lib/action_dispatch/middleware/templates/rescues/_request_and_response.html.erb (0.7ms)
  Rendered /usr/local/lib/ruby/gems/2.4.0/gems/actionpack-5.0.6/lib/action_dispatch/middleware/templates/rescues/diagnostics.html.erb within rescues/layout (114.8ms)
Started GET "/" for 127.0.0.1 at 2017-12-24 00:29:04 -0800
Processing by StoreController#index as HTML
Completed 500 Internal Server Error in 4ms (ActiveRecord: 0.0ms)


  
ArgumentError (Range unspecified. Specify the :in, :within, :maximum, :minimum, or :is option.):
  
app/models/product.rb:7:in `<class:Product>'
app/models/product.rb:1:in `<top (required)>'
app/controllers/store_controller.rb:3:in `index'
  Rendering /usr/local/lib/ruby/gems/2.4.0/gems/actionpack-5.0.6/lib/action_dispatch/middleware/templates/rescues/diagnostics.html.erb within rescues/layout
  Rendering /usr/local/lib/ruby/gems/2.4.0/gems/actionpack-5.0.6/lib/action_dispatch/middleware/templates/rescues/_source.html.erb
  Rendered /usr/local/lib/ruby/gems/2.4.0/gems/actionpack-5.0.6/lib/action_dispatch/middleware/templates/rescues/_source.html.erb (3.8ms)
  Rendering /usr/local/lib/ruby/gems/2.4.0/gems/actionpack-5.0.6/lib/action_dispatch/middleware/templates/rescues/_trace.html.erb
  Rendered /usr/local/lib/ruby/gems/2.4.0/gems/actionpack-5.0.6/lib/action_dispatch/middleware/templates/rescues/_trace.html.erb (1.8ms)
  Rendering /usr/local/lib/ruby/gems/2.4.0/gems/actionpack-5.0.6/lib/action_dispatch/middleware/templates/rescues/_request_and_response.html.erb
  Rendered /usr/local/lib/ruby/gems/2.4.0/gems/actionpack-5.0.6/lib/action_dispatch/middleware/templates/rescues/_request_and_response.html.erb (0.8ms)
  Rendered /usr/local/lib/ruby/gems/2.4.0/gems/actionpack-5.0.6/lib/action_dispatch/middleware/templates/rescues/diagnostics.html.erb within rescues/layout (98.5ms)
Started GET "/" for 127.0.0.1 at 2017-12-24 00:29:28 -0800
Processing by StoreController#index as HTML
  Rendering store/index.html.erb within layouts/application
  [1m[36mProduct Load (0.8ms)[0m  [1m[34mSELECT "products".* FROM "products" ORDER BY "products"."title" ASC[0m
  Rendered store/index.html.erb within layouts/application (24.6ms)
Completed 200 OK in 66ms (Views: 57.3ms | ActiveRecord: 1.5ms)


Started GET "/" for 127.0.0.1 at 2017-12-24 00:37:49 -0800
Processing by StoreController#index as HTML
  Rendering store/index.html.erb within layouts/application
  [1m[36mProduct Load (0.6ms)[0m  [1m[34mSELECT "products".* FROM "products" ORDER BY "products"."title" ASC[0m
  Rendered store/index.html.erb within layouts/application (16.7ms)
Completed 200 OK in 83ms (Views: 73.4ms | ActiveRecord: 1.6ms)


Started GET "/" for 127.0.0.1 at 2017-12-24 00:41:40 -0800
Processing by StoreController#index as HTML
  Rendering store/index.html.erb within layouts/application
  [1m[36mProduct Load (0.2ms)[0m  [1m[34mSELECT "products".* FROM "products" ORDER BY "products"."title" ASC[0m
  Rendered store/index.html.erb within layouts/application (6.9ms)
Completed 200 OK in 56ms (Views: 51.7ms | ActiveRecord: 0.2ms)


Started GET "/" for 127.0.0.1 at 2017-12-24 00:42:09 -0800
Processing by StoreController#index as HTML
  Rendering store/index.html.erb within layouts/application
  [1m[36mProduct Load (0.2ms)[0m  [1m[34mSELECT "products".* FROM "products" ORDER BY "products"."title" ASC[0m
  Rendered store/index.html.erb within layouts/application (6.2ms)
Completed 200 OK in 51ms (Views: 45.1ms | ActiveRecord: 0.2ms)


Started GET "/" for 127.0.0.1 at 2017-12-24 00:52:26 -0800
Processing by StoreController#index as HTML
  Rendering store/index.html.erb within layouts/application
  [1m[36mProduct Load (0.6ms)[0m  [1m[34mSELECT "products".* FROM "products" ORDER BY "products"."title" ASC[0m
  Rendered store/index.html.erb within layouts/application (9.1ms)
Completed 200 OK in 137ms (Views: 132.0ms | ActiveRecord: 0.6ms)


Started GET "/" for 127.0.0.1 at 2017-12-24 01:16:42 -0800
Processing by StoreController#index as HTML
  Rendering store/index.html.erb within layouts/application
  [1m[36mProduct Load (1.9ms)[0m  [1m[34mSELECT "products".* FROM "products" ORDER BY "products"."title" ASC[0m
  Rendered store/index.html.erb within layouts/application (88.2ms)
Completed 200 OK in 162ms (Views: 145.6ms | ActiveRecord: 1.9ms)


Started GET "/" for 127.0.0.1 at 2017-12-24 09:59:36 -0800
  [1m[36mActiveRecord::SchemaMigration Load (6.5ms)[0m  [1m[34mSELECT "schema_migrations".* FROM "schema_migrations"[0m
Processing by StoreController#index as HTML
  Rendering store/index.html.erb within layouts/application
  [1m[35m (0.6ms)[0m  [1m[34mSELECT COUNT(*) AS "size", MAX("products"."updated_at") AS timestamp FROM "products"[0m
Read fragment views/products/query-b41f6fbd1a3876c26c349b7e6dd13d56-3-20171223181023454969/f901af4858a8149807bbd7bbbd172559 (0.1ms)
  [1m[36mProduct Load (0.2ms)[0m  [1m[34mSELECT "products".* FROM "products" ORDER BY "products"."title" ASC[0m
Read fragment views/products/1-20171223181023446329/f901af4858a8149807bbd7bbbd172559 (0.0ms)
Write fragment views/products/1-20171223181023446329/f901af4858a8149807bbd7bbbd172559 (0.1ms)
Read fragment views/products/3-20171223181023454969/f901af4858a8149807bbd7bbbd172559 (0.0ms)
Write fragment views/products/3-20171223181023454969/f901af4858a8149807bbd7bbbd172559 (0.1ms)
Read fragment views/products/2-20171223181023451729/f901af4858a8149807bbd7bbbd172559 (0.0ms)
Write fragment views/products/2-20171223181023451729/f901af4858a8149807bbd7bbbd172559 (0.0ms)
Write fragment views/products/query-b41f6fbd1a3876c26c349b7e6dd13d56-3-20171223181023454969/f901af4858a8149807bbd7bbbd172559 (0.0ms)
  Rendered store/index.html.erb within layouts/application (339.2ms)
Completed 200 OK in 406ms (Views: 388.1ms | ActiveRecord: 1.5ms)


Started GET "/" for 127.0.0.1 at 2017-12-24 10:00:04 -0800
Processing by StoreController#index as HTML
  Rendering store/index.html.erb within layouts/application
  [1m[35m (0.3ms)[0m  [1m[34mSELECT COUNT(*) AS "size", MAX("products"."updated_at") AS timestamp FROM "products"[0m
Read fragment views/products/query-b41f6fbd1a3876c26c349b7e6dd13d56-3-20171223181023454969/f901af4858a8149807bbd7bbbd172559 (0.1ms)
  Rendered store/index.html.erb within layouts/application (5.7ms)
Completed 200 OK in 40ms (Views: 35.2ms | ActiveRecord: 0.3ms)


Started GET "/" for 127.0.0.1 at 2017-12-24 10:00:06 -0800
Processing by StoreController#index as HTML
  Rendering store/index.html.erb within layouts/application
  [1m[35m (0.2ms)[0m  [1m[34mSELECT COUNT(*) AS "size", MAX("products"."updated_at") AS timestamp FROM "products"[0m
Read fragment views/products/query-b41f6fbd1a3876c26c349b7e6dd13d56-3-20171223181023454969/f901af4858a8149807bbd7bbbd172559 (0.0ms)
  Rendered store/index.html.erb within layouts/application (4.7ms)
Completed 200 OK in 39ms (Views: 34.2ms | ActiveRecord: 0.2ms)


Started GET "/" for 127.0.0.1 at 2017-12-24 10:04:07 -0800
  [1m[36mActiveRecord::SchemaMigration Load (1.9ms)[0m  [1m[34mSELECT "schema_migrations".* FROM "schema_migrations"[0m
Processing by StoreController#index as HTML
  Rendering store/index.html.erb within layouts/application
  [1m[36mProduct Load (0.3ms)[0m  [1m[34mSELECT "products".* FROM "products" ORDER BY "products"."title" ASC[0m
  Rendered store/index.html.erb within layouts/application (243.8ms)
Completed 200 OK in 345ms (Views: 328.0ms | ActiveRecord: 1.1ms)


Started GET "/" for 127.0.0.1 at 2017-12-24 10:04:43 -0800
Processing by StoreController#index as HTML
  Rendering store/index.html.erb within layouts/application
  [1m[36mProduct Load (0.5ms)[0m  [1m[34mSELECT "products".* FROM "products" ORDER BY "products"."title" ASC[0m
  Rendered store/index.html.erb within layouts/application (9.0ms)
Completed 200 OK in 47ms (Views: 42.5ms | ActiveRecord: 0.5ms)


Started GET "/" for 127.0.0.1 at 2017-12-24 10:04:56 -0800
Processing by StoreController#index as HTML
  Rendering store/index.html.erb within layouts/application
  [1m[36mProduct Load (0.2ms)[0m  [1m[34mSELECT "products".* FROM "products" ORDER BY "products"."title" ASC[0m
  Rendered store/index.html.erb within layouts/application (6.1ms)
Completed 200 OK in 42ms (Views: 37.9ms | ActiveRecord: 0.2ms)


Started GET "/" for 127.0.0.1 at 2017-12-24 10:05:17 -0800
Processing by StoreController#index as HTML
  Rendering store/index.html.erb within layouts/application
  [1m[36mProduct Load (0.2ms)[0m  [1m[34mSELECT "products".* FROM "products" ORDER BY "products"."title" ASC[0m
  Rendered store/index.html.erb within layouts/application (6.0ms)
Completed 200 OK in 43ms (Views: 38.1ms | ActiveRecord: 0.2ms)


Started GET "/" for 127.0.0.1 at 2017-12-24 10:05:24 -0800
Processing by StoreController#index as HTML
  Rendering store/index.html.erb within layouts/application
  [1m[36mProduct Load (0.3ms)[0m  [1m[34mSELECT "products".* FROM "products" ORDER BY "products"."title" ASC[0m
  Rendered store/index.html.erb within layouts/application (6.5ms)
Completed 200 OK in 52ms (Views: 47.2ms | ActiveRecord: 0.3ms)


Started GET "/" for 127.0.0.1 at 2017-12-24 10:05:43 -0800
Processing by StoreController#index as HTML
  Rendering store/index.html.erb within layouts/application
  [1m[36mProduct Load (0.2ms)[0m  [1m[34mSELECT "products".* FROM "products" ORDER BY "products"."title" ASC[0m
  Rendered store/index.html.erb within layouts/application (6.2ms)
Completed 200 OK in 41ms (Views: 36.5ms | ActiveRecord: 0.2ms)


Started GET "/" for 127.0.0.1 at 2017-12-24 10:11:42 -0800
Processing by StoreController#index as HTML
  Rendering store/index.html.erb within layouts/application
  [1m[36mProduct Load (0.3ms)[0m  [1m[34mSELECT "products".* FROM "products" ORDER BY "products"."title" ASC[0m
  Rendered store/index.html.erb within layouts/application (11.6ms)
Completed 200 OK in 72ms (Views: 65.5ms | ActiveRecord: 0.3ms)


Started GET "/" for 127.0.0.1 at 2017-12-24 10:11:57 -0800
Processing by StoreController#index as HTML
  Rendering store/index.html.erb within layouts/application
  [1m[36mProduct Load (0.3ms)[0m  [1m[34mSELECT "products".* FROM "products" ORDER BY "products"."title" ASC[0m
  Rendered store/index.html.erb within layouts/application (13.4ms)
Completed 200 OK in 91ms (Views: 79.8ms | ActiveRecord: 0.3ms)


Started GET "/" for 127.0.0.1 at 2017-12-24 10:12:32 -0800
Processing by StoreController#index as HTML
  Rendering store/index.html.erb within layouts/application
  [1m[36mProduct Load (0.3ms)[0m  [1m[34mSELECT "products".* FROM "products" ORDER BY "products"."title" ASC[0m
  Rendered store/index.html.erb within layouts/application (14.1ms)
Completed 200 OK in 100ms (Views: 93.0ms | ActiveRecord: 0.3ms)


Started GET "/" for 127.0.0.1 at 2017-12-24 10:13:00 -0800
Processing by StoreController#index as HTML
  Rendering store/index.html.erb within layouts/application
  [1m[36mProduct Load (0.4ms)[0m  [1m[34mSELECT "products".* FROM "products" ORDER BY "products"."title" ASC[0m
  Rendered store/index.html.erb within layouts/application (12.5ms)
Completed 200 OK in 81ms (Views: 74.2ms | ActiveRecord: 0.4ms)


Started GET "/" for 127.0.0.1 at 2017-12-24 10:13:02 -0800
Processing by StoreController#index as HTML
  Rendering store/index.html.erb within layouts/application
  [1m[36mProduct Load (0.3ms)[0m  [1m[34mSELECT "products".* FROM "products" ORDER BY "products"."title" ASC[0m
  Rendered store/index.html.erb within layouts/application (9.9ms)
Completed 200 OK in 75ms (Views: 67.6ms | ActiveRecord: 0.3ms)


Started GET "/" for 127.0.0.1 at 2017-12-24 10:20:04 -0800
Processing by StoreController#index as HTML
  Rendering store/index.html.erb within layouts/application
  [1m[36mProduct Load (0.4ms)[0m  [1m[34mSELECT "products".* FROM "products" ORDER BY "products"."title" ASC[0m
  Rendered store/index.html.erb within layouts/application (51.6ms)
Completed 200 OK in 222ms (Views: 206.4ms | ActiveRecord: 0.4ms)


